\BOOKMARK [1][-]{section.1}{\376\377\000I\000n\000t\000r\000o\000d\000u\000c\000t\000i\000o\000n}{}% 1
\BOOKMARK [1][-]{section.2}{\376\377\000R\000e\000l\000a\000t\000e\000d\000\040\000W\000o\000r\000k\000s}{}% 2
\BOOKMARK [1][-]{section.3}{\376\377\000S\000y\000s\000t\000e\000m\000\040\000A\000r\000c\000h\000i\000t\000e\000c\000t\000u\000r\000e}{}% 3
\BOOKMARK [2][-]{subsection.3.1}{\376\377\000C\000l\000a\000s\000s\000i\000f\000i\000e\000r\000\040\000M\000o\000d\000u\000l\000e}{section.3}% 4
\BOOKMARK [2][-]{subsection.3.2}{\376\377\000E\000x\000t\000r\000a\000c\000t\000o\000r\000\040\000M\000o\000d\000u\000l\000e}{section.3}% 5
\BOOKMARK [2][-]{subsection.3.3}{\376\377\000T\000r\000a\000n\000s\000d\000u\000c\000e\000r\000\040\000M\000o\000d\000u\000l\000e}{section.3}% 6
\BOOKMARK [2][-]{subsection.3.4}{\376\377\000C\000o\000m\000p\000i\000l\000e\000r\000\040\000M\000o\000d\000u\000l\000e}{section.3}% 7
\BOOKMARK [1][-]{section.4}{\376\377\000F\000l\000o\000w\000c\000h\000a\000r\000t\000\040\000D\000i\000a\000g\000r\000a\000m\000\040\000R\000e\000c\000o\000g\000n\000i\000t\000i\000o\000n}{}% 8
\BOOKMARK [2][-]{subsection.4.1}{\376\377\000I\000n\000t\000e\000r\000n\000a\000l\000\040\000R\000e\000p\000r\000e\000s\000e\000n\000t\000a\000t\000i\000o\000n}{section.4}% 9
\BOOKMARK [2][-]{subsection.4.2}{\376\377\000C\000l\000a\000s\000s\000i\000f\000i\000e\000r\000\040\000M\000o\000d\000u\000l\000e}{section.4}% 10
\BOOKMARK [3][-]{subsubsection.4.2.1}{\376\377\000P\000r\000e\000p\000r\000o\000c\000e\000s\000s\000i\000n\000g}{subsection.4.2}% 11
\BOOKMARK [3][-]{subsubsection.4.2.2}{\376\377\000M\000o\000d\000e\000l}{subsection.4.2}% 12
\BOOKMARK [2][-]{subsection.4.3}{\376\377\000E\000x\000t\000r\000a\000c\000t\000o\000r\000\040\000M\000o\000d\000u\000l\000e}{section.4}% 13
\BOOKMARK [3][-]{subsubsection.4.3.1}{\376\377\000P\000r\000e\000p\000r\000o\000c\000e\000s\000s\000i\000n\000g}{subsection.4.3}% 14
\BOOKMARK [3][-]{subsubsection.4.3.2}{\376\377\000B\000o\000u\000n\000d\000i\000n\000g\000\040\000B\000o\000x\000\040\000D\000e\000t\000e\000c\000t\000i\000o\000n}{subsection.4.3}% 15
\BOOKMARK [3][-]{subsubsection.4.3.3}{\376\377\000A\000r\000r\000o\000w\000\040\000O\000r\000i\000e\000n\000t\000a\000t\000i\000o\000n}{subsection.4.3}% 16
\BOOKMARK [3][-]{subsubsection.4.3.4}{\376\377\000T\000e\000x\000t\000\040\000D\000i\000g\000i\000t\000i\000z\000a\000t\000i\000o\000n}{subsection.4.3}% 17
\BOOKMARK [3][-]{subsubsection.4.3.5}{\376\377\000R\000e\000l\000a\000t\000i\000o\000n\000s\000h\000i\000p\000s\000\040\000B\000u\000i\000l\000d\000i\000n\000g}{subsection.4.3}% 18
\BOOKMARK [3][-]{subsubsection.4.3.6}{\376\377\000T\000e\000x\000t\000\040\000A\000s\000s\000o\000c\000i\000a\000t\000i\000o\000n}{subsection.4.3}% 19
\BOOKMARK [3][-]{subsubsection.4.3.7}{\376\377\000E\000l\000e\000m\000e\000n\000t\000-\000T\000e\000x\000t\000\040\000A\000s\000s\000o\000c\000i\000a\000t\000i\000o\000n}{subsection.4.3}% 20
\BOOKMARK [3][-]{subsubsection.4.3.8}{\376\377\000R\000e\000l\000a\000t\000i\000o\000n\000-\000T\000e\000x\000t\000\040\000A\000s\000s\000o\000c\000i\000a\000t\000i\000o\000n}{subsection.4.3}% 21
\BOOKMARK [1][-]{section.5}{\376\377\000D\000a\000t\000a\000s\000e\000t}{}% 22
\BOOKMARK [1][-]{section.6}{\376\377\000E\000x\000p\000e\000r\000i\000m\000e\000n\000t\000s}{}% 23
\BOOKMARK [2][-]{subsection.6.1}{\376\377\000C\000l\000a\000s\000s\000i\000f\000i\000e\000r}{section.6}% 24
\BOOKMARK [2][-]{subsection.6.2}{\376\377\000O\000b\000j\000e\000c\000t\000\040\000D\000e\000t\000e\000c\000t\000i\000o\000n}{section.6}% 25
\BOOKMARK [2][-]{subsection.6.3}{\376\377\000A\000r\000r\000o\000w\000\040\000O\000r\000i\000e\000n\000t\000a\000t\000i\000o\000n}{section.6}% 26
\BOOKMARK [2][-]{subsection.6.4}{\376\377\000T\000e\000x\000t\000\040\000D\000i\000g\000i\000t\000i\000z\000a\000t\000i\000o\000n}{section.6}% 27
\BOOKMARK [1][-]{section.7}{\376\377\000D\000i\000s\000c\000u\000s\000s\000i\000o\000n}{}% 28
\BOOKMARK [1][-]{section.8}{\376\377\000C\000o\000n\000c\000l\000u\000s\000i\000o\000n\000\040\000a\000n\000d\000\040\000F\000u\000t\000u\000r\000e\000\040\000W\000o\000r\000k}{}% 29
\BOOKMARK [1][-]{section*.12}{\376\377\000R\000e\000f\000e\000r\000e\000n\000c\000e\000s}{}% 30
\BOOKMARK [1][-]{section*.13}{\376\377\000A\000p\000p\000e\000n\000d\000i\000x\000\040\000A\000:\000\040\000D\000o\000u\000b\000l\000e\000\040\000C\000l\000u\000s\000t\000e\000r\000i\000n\000g}{}% 31
\BOOKMARK [1][-]{section*.19}{\376\377\000A\000p\000p\000e\000n\000d\000i\000x\000\040\000B\000:\000\040\000A\000r\000r\000o\000w\000N\000e\000t}{}% 32
\BOOKMARK [1][-]{section*.23}{\376\377\000A\000p\000p\000e\000n\000d\000i\000x\000\040\000C\000:\000\040\000T\000h\000e\000\040\000C\000l\000a\000s\000s\000i\000f\000i\000c\000a\000t\000i\000o\000n\000\040\000N\000e\000t\000w\000o\000r\000k}{}% 33
